<?xml version="1.0" encoding="UTF-8"?>
<!-- Generated by org.testng.reporters.JUnitReportReporter -->
<testsuite hostname="BINTERNS-QA25L" failures="0" tests="6" name="tests.Search_Test" time="62.574" errors="0" timestamp="2023-04-27T18:18:36 IST" skipped="0">
  <testcase classname="tests.Search_Test" name="internship_search" time="2.076"/>
  <system-out/>
  <testcase classname="tests.Search_Test" name="internship_city" time="2.177"/>
  <system-out/>
  <testcase classname="tests.Search_Test" name="internship_categories" time="1.603"/>
  <system-out/>
  <testcase classname="tests.Search_Test" name="Online_Traning_list_selection" time="24.332"/>
  <system-out/>
  <testcase classname="tests.Search_Test" name="Data_Science" time="23.123"/>
  <system-out/>
  <testcase classname="tests.Search_Test" name="Online_Popular_Traning_select_training" time="9.263"/>
  <system-out/>
</testsuite> <!-- tests.Search_Test -->
