<?xml version="1.0" encoding="UTF-8"?>
<!-- Generated by org.testng.reporters.JUnitReportReporter -->
<testsuite hostname="BINTERNS-QA25L" failures="0" tests="9" name="tests.Login_Pop_Up_Test" time="36.350" errors="0" timestamp="2023-05-02T11:35:34 IST" skipped="0">
  <testcase classname="tests.Login_Pop_Up_Test" name="login_with_invalid_username" time="2.316"/>
  <system-out/>
  <testcase classname="tests.Login_Pop_Up_Test" name="login_with_uname_invalid_password" time="9.337"/>
  <system-out/>
  <testcase classname="tests.Login_Pop_Up_Test" name="login_with_empty_credentials" time="4.225"/>
  <system-out/>
  <testcase classname="tests.Login_Pop_Up_Test" name="login_with_invalid_uname_and_password" time="2.239"/>
  <system-out/>
  <testcase classname="tests.Login_Pop_Up_Test" name="login_with_valid_uname_with_blank_password" time="2.239"/>
  <system-out/>
  <testcase classname="tests.Login_Pop_Up_Test" name="login_with_blank_uname_with_valid_password" time="2.227"/>
  <system-out/>
  <testcase classname="tests.Login_Pop_Up_Test" name="login_with_invalid_uname_with_blank_password" time="2.233"/>
  <system-out/>
  <testcase classname="tests.Login_Pop_Up_Test" name="login_with_blank_uname_with_invalid_password" time="2.227"/>
  <system-out/>
  <testcase classname="tests.Login_Pop_Up_Test" name="login_button" time="9.307"/>
  <system-out/>
</testsuite> <!-- tests.Login_Pop_Up_Test -->
