<?xml version="1.0" encoding="UTF-8"?>
<!-- Generated by org.testng.reporters.JUnitReportReporter -->
<testsuite hostname="BINTERNS-QA25L" failures="0" tests="9" name="tests.Search_Bar_Test" time="27.222" errors="0" timestamp="2023-05-02T11:35:34 IST" skipped="0">
  <testcase classname="tests.Search_Bar_Test" name="internship_search" time="2.104"/>
  <system-out/>
  <testcase classname="tests.Search_Bar_Test" name="internship_city" time="2.674"/>
  <system-out/>
  <testcase classname="tests.Search_Bar_Test" name="internship_categories" time="1.500"/>
  <system-out/>
  <testcase classname="tests.Search_Bar_Test" name="Online_Traning_list_selection" time="4.170"/>
  <system-out/>
  <testcase classname="tests.Search_Bar_Test" name="Data_Science" time="5.280"/>
  <system-out/>
  <testcase classname="tests.Search_Bar_Test" name="Online_Popular_Traning_select_training_autocad" time="3.226"/>
  <system-out/>
  <testcase classname="tests.Search_Bar_Test" name="Jobs_Drop_Down_List_Text_Search_Media" time="4.787"/>
  <system-out/>
  <testcase classname="tests.Search_Bar_Test" name="Jobs_Drop_Down_List_Popular_Locations" time="1.862"/>
  <system-out/>
  <testcase classname="tests.Search_Bar_Test" name="Jobs_Drop_Down_List_Popular_Categories" time="1.619"/>
  <system-out/>
</testsuite> <!-- tests.Search_Bar_Test -->
