<?xml version="1.0" encoding="UTF-8"?>
<!-- Generated by org.testng.reporters.JUnitReportReporter -->
<testsuite hostname="BINTERNS-QA25L" failures="0" tests="20" name="tests.Homepage_Test" time="67.906" errors="0" timestamp="2023-05-02T11:35:34 IST" skipped="0">
  <testcase classname="tests.Homepage_Test" name="site_url_verification" time="0.015"/>
  <system-out/>
  <testcase classname="tests.Homepage_Test" name="logo_verification" time="0.043"/>
  <system-out/>
  <testcase classname="tests.Homepage_Test" name="intership_drop_down_button" time="6.118"/>
  <system-out/>
  <testcase classname="tests.Homepage_Test" name="close_pop_up" time="4.748"/>
  <system-out/>
  <testcase classname="tests.Homepage_Test" name="course_drop_down" time="4.861"/>
  <system-out/>
  <testcase classname="tests.Homepage_Test" name="jobs_dropdown_button" time="4.715"/>
  <system-out/>
  <testcase classname="tests.Homepage_Test" name="login_button" time="2.115"/>
  <system-out/>
  <testcase classname="tests.Homepage_Test" name="login_pop_up" time="4.104"/>
  <system-out/>
  <testcase classname="tests.Homepage_Test" name="register" time="0.055"/>
  <system-out/>
  <testcase classname="tests.Homepage_Test" name="search_bar_label" time="0.061"/>
  <system-out/>
  <testcase classname="tests.Homepage_Test" name="search_bar_data_fill" time="6.665"/>
  <system-out/>
  <testcase classname="tests.Homepage_Test" name="view_all_internships" time="3.708"/>
  <system-out/>
  <testcase classname="tests.Homepage_Test" name="popularcities_jobs" time="3.674"/>
  <system-out/>
  <testcase classname="tests.Homepage_Test" name="delhi_ncr_jobs" time="4.109"/>
  <system-out/>
  <testcase classname="tests.Homepage_Test" name="banglore_jobs" time="3.963"/>
  <system-out/>
  <testcase classname="tests.Homepage_Test" name="mumbai_jobs" time="3.616"/>
  <system-out/>
  <testcase classname="tests.Homepage_Test" name="hydrabad_jobs" time="4.070"/>
  <system-out/>
  <testcase classname="tests.Homepage_Test" name="chenni_jobs" time="3.667"/>
  <system-out/>
  <testcase classname="tests.Homepage_Test" name="kolkata_jobs" time="3.807"/>
  <system-out/>
  <testcase classname="tests.Homepage_Test" name="international_jobs" time="3.792"/>
  <system-out/>
</testsuite> <!-- tests.Homepage_Test -->
