<?xml version="1.0" encoding="UTF-8"?>
<!-- Generated by org.testng.reporters.JUnitReportReporter -->
<testsuite hostname="BINTERNS-QA25L" failures="0" tests="9" name="tests.Search_Bar_UI_Test" time="34.093" errors="0" timestamp="2023-05-02T16:38:07 IST" skipped="0">
  <testcase classname="tests.Search_Bar_UI_Test" name="Internship_Search_Page_Visibility" time="2.558"/>
  <system-out/>
  <testcase classname="tests.Search_Bar_UI_Test" name="Internship_City_Visibility" time="3.292"/>
  <system-out/>
  <testcase classname="tests.Search_Bar_UI_Test" name="Internship_Categories_Visibility" time="1.849"/>
  <system-out/>
  <testcase classname="tests.Search_Bar_UI_Test" name="Online_Traning_list_selection_Visibility" time="7.094"/>
  <system-out/>
  <testcase classname="tests.Search_Bar_UI_Test" name="Data_Science_Visibility" time="6.120"/>
  <system-out/>
  <testcase classname="tests.Search_Bar_UI_Test" name="Online_Popular_Traning_select_training_autocad_Visibility" time="4.580"/>
  <system-out/>
  <testcase classname="tests.Search_Bar_UI_Test" name="Jobs_Drop_Down_List_Text_Search_Media_Visibility" time="3.031"/>
  <system-out/>
  <testcase classname="tests.Search_Bar_UI_Test" name="Jobs_Drop_Down_List_Popular_Locations_Visibility" time="3.466"/>
  <system-out/>
  <testcase classname="tests.Search_Bar_UI_Test" name="Jobs_Drop_Down_List_Popular_Categories_Visibility" time="2.103"/>
  <system-out/>
</testsuite> <!-- tests.Search_Bar_UI_Test -->
