<?xml version="1.0" encoding="UTF-8"?>
<!-- Generated by org.testng.reporters.JUnitReportReporter -->
<testsuite hostname="BINTERNS-QA25L" failures="0" tests="8" name="tests.Login_UI_Tests" time="16.268" errors="0" timestamp="2023-05-02T11:35:34 IST" skipped="0">
  <testcase classname="tests.Login_UI_Tests" name="Email_Field" time="2.158"/>
  <system-out/>
  <testcase classname="tests.Login_UI_Tests" name="Password_Field" time="0.029"/>
  <system-out/>
  <testcase classname="tests.Login_UI_Tests" name="Login_Button" time="0.021"/>
  <system-out/>
  <testcase classname="tests.Login_UI_Tests" name="Invalid_Email_Msg" time="0.156"/>
  <system-out/>
  <testcase classname="tests.Login_UI_Tests" name="Wrong_Email_Password_Warnning" time="2.208"/>
  <system-out/>
  <testcase classname="tests.Login_UI_Tests" name="Warning_Close_Button" time="7.291"/>
  <system-out/>
  <testcase classname="tests.Login_UI_Tests" name="Blank_Email_Error_Msg" time="2.215"/>
  <system-out/>
  <testcase classname="tests.Login_UI_Tests" name="Blank_Password_Error_Msg" time="2.190"/>
  <system-out/>
</testsuite> <!-- tests.Login_UI_Tests -->
